<?xml version="1.0" encoding="UTF-8"?>
<testng-results skipped="0" failed="0" total="3" passed="3">
  <reporter-output>
  </reporter-output>
  <suite name="Sample test Suite" duration-ms="92127" started-at="2019-07-23T07:30:45Z" finished-at="2019-07-23T07:32:17Z">
    <groups>
    </groups>
    <test name="Sample test" duration-ms="92127" started-at="2019-07-23T07:30:45Z" finished-at="2019-07-23T07:32:17Z">
      <class name="com.training.sanity.tests.SimpleTest">
        <test-method status="PASS" signature="setUpBeforeClass()[pri:0, instance:com.training.sanity.tests.SimpleTest@71c7db30]" name="setUpBeforeClass" is-config="true" duration-ms="16" started-at="2019-07-23T13:00:45Z" finished-at="2019-07-23T13:00:45Z">
          <reporter-output>
          </reporter-output>
        </test-method> <!-- setUpBeforeClass -->
        <test-method status="PASS" signature="setUp()[pri:0, instance:com.training.sanity.tests.SimpleTest@71c7db30]" name="setUp" is-config="true" duration-ms="13572" started-at="2019-07-23T13:00:45Z" finished-at="2019-07-23T13:00:59Z">
          <reporter-output>
          </reporter-output>
        </test-method> <!-- setUp -->
        <test-method status="PASS" signature="registrationPassTest()[pri:1, instance:com.training.sanity.tests.SimpleTest@71c7db30]" name="registrationPassTest" duration-ms="11471" started-at="2019-07-23T13:00:59Z" finished-at="2019-07-23T13:01:10Z">
          <reporter-output>
          </reporter-output>
        </test-method> <!-- registrationPassTest -->
        <test-method status="PASS" signature="tearDown()[pri:0, instance:com.training.sanity.tests.SimpleTest@71c7db30]" name="tearDown" is-config="true" duration-ms="5878" started-at="2019-07-23T13:01:10Z" finished-at="2019-07-23T13:01:16Z">
          <reporter-output>
          </reporter-output>
        </test-method> <!-- tearDown -->
        <test-method status="PASS" signature="setUp()[pri:0, instance:com.training.sanity.tests.SimpleTest@71c7db30]" name="setUp" is-config="true" duration-ms="9265" started-at="2019-07-23T13:01:16Z" finished-at="2019-07-23T13:01:25Z">
          <reporter-output>
          </reporter-output>
        </test-method> <!-- setUp -->
        <test-method status="PASS" signature="loginPassTest()[pri:2, instance:com.training.sanity.tests.SimpleTest@71c7db30]" name="loginPassTest" duration-ms="18518" started-at="2019-07-23T13:01:25Z" finished-at="2019-07-23T13:01:44Z">
          <reporter-output>
          </reporter-output>
        </test-method> <!-- loginPassTest -->
        <test-method status="PASS" signature="tearDown()[pri:0, instance:com.training.sanity.tests.SimpleTest@71c7db30]" name="tearDown" is-config="true" duration-ms="5775" started-at="2019-07-23T13:01:44Z" finished-at="2019-07-23T13:01:50Z">
          <reporter-output>
          </reporter-output>
        </test-method> <!-- tearDown -->
        <test-method status="PASS" signature="setUp()[pri:0, instance:com.training.sanity.tests.SimpleTest@71c7db30]" name="setUp" is-config="true" duration-ms="9027" started-at="2019-07-23T13:01:50Z" finished-at="2019-07-23T13:01:59Z">
          <reporter-output>
          </reporter-output>
        </test-method> <!-- setUp -->
        <test-method status="PASS" signature="recoverPwdPassTest()[pri:3, instance:com.training.sanity.tests.SimpleTest@71c7db30]" name="recoverPwdPassTest" duration-ms="12793" started-at="2019-07-23T13:01:59Z" finished-at="2019-07-23T13:02:11Z">
          <reporter-output>
          </reporter-output>
        </test-method> <!-- recoverPwdPassTest -->
        <test-method status="PASS" signature="tearDown()[pri:0, instance:com.training.sanity.tests.SimpleTest@71c7db30]" name="tearDown" is-config="true" duration-ms="5812" started-at="2019-07-23T13:02:11Z" finished-at="2019-07-23T13:02:17Z">
          <reporter-output>
          </reporter-output>
        </test-method> <!-- tearDown -->
      </class> <!-- com.training.sanity.tests.SimpleTest -->
    </test> <!-- Sample test -->
  </suite> <!-- Sample test Suite -->
</testng-results>
