<?xml version="1.0" encoding="UTF-8"?>
<testng-results skipped="0" failed="0" total="1" passed="1">
  <reporter-output>
  </reporter-output>
  <suite name="Default suite" duration-ms="146264" started-at="2019-08-02T11:31:47Z" finished-at="2019-08-02T11:34:13Z">
    <groups>
    </groups>
    <test name="Default test" duration-ms="146264" started-at="2019-08-02T11:31:47Z" finished-at="2019-08-02T11:34:13Z">
      <class name="com.training.sanity.tests.InvalidLogWithoutLogPlaceOrderTest">
        <test-method status="PASS" signature="setUpBeforeClass()[pri:0, instance:com.training.sanity.tests.InvalidLogWithoutLogPlaceOrderTest@71c7db30]" name="setUpBeforeClass" is-config="true" duration-ms="49" started-at="2019-08-02T17:01:47Z" finished-at="2019-08-02T17:01:47Z">
          <reporter-output>
          </reporter-output>
        </test-method> <!-- setUpBeforeClass -->
        <test-method status="PASS" signature="setUp()[pri:0, instance:com.training.sanity.tests.InvalidLogWithoutLogPlaceOrderTest@71c7db30]" name="setUp" is-config="true" duration-ms="27556" started-at="2019-08-02T17:01:47Z" finished-at="2019-08-02T17:02:15Z">
          <reporter-output>
          </reporter-output>
        </test-method> <!-- setUp -->
        <test-method status="PASS" signature="placeOrderPassTest()[pri:3, instance:com.training.sanity.tests.InvalidLogWithoutLogPlaceOrderTest@71c7db30]" name="placeOrderPassTest" duration-ms="112747" started-at="2019-08-02T17:02:15Z" finished-at="2019-08-02T17:04:08Z">
          <reporter-output>
          </reporter-output>
        </test-method> <!-- placeOrderPassTest -->
        <test-method status="PASS" signature="tearDown()[pri:0, instance:com.training.sanity.tests.InvalidLogWithoutLogPlaceOrderTest@71c7db30]" name="tearDown" is-config="true" duration-ms="5937" started-at="2019-08-02T17:04:08Z" finished-at="2019-08-02T17:04:13Z">
          <reporter-output>
          </reporter-output>
        </test-method> <!-- tearDown -->
      </class> <!-- com.training.sanity.tests.InvalidLogWithoutLogPlaceOrderTest -->
    </test> <!-- Default test -->
  </suite> <!-- Default suite -->
</testng-results>
