<?xml version="1.0" encoding="UTF-8"?>
<!-- Generated by org.testng.reporters.JUnitXMLReporter -->
<testsuite hostname="DESKTOP-D6DTJCU" name="Default test" tests="3" failures="0" timestamp="25 Jul 2019 08:37:31 GMT" time="210.228" errors="0">
  <testcase name="registrationPassTest" time="38.786" classname="com.training.sanity.tests.SimpleTest"/>
  <testcase name="loginPassTest" time="30.47" classname="com.training.sanity.tests.SimpleTest"/>
  <testcase name="recoverPwdPassTest" time="45.762" classname="com.training.sanity.tests.SimpleTest"/>
</testsuite> <!-- Default test -->
