<?xml version="1.0" encoding="UTF-8"?>
<!-- Generated by org.testng.reporters.JUnitXMLReporter -->
<testsuite hostname="DESKTOP-D6DTJCU" name="Sample test" tests="3" failures="0" timestamp="25 Jul 2019 09:43:08 GMT" time="233.243" errors="0">
  <testcase name="registrationPassTest" time="57.916" classname="com.training.sanity.tests.RegLoginPwdrecvTest"/>
  <testcase name="loginPassTest" time="27.561" classname="com.training.sanity.tests.RegLoginPwdrecvTest"/>
  <testcase name="recoverPwdPassTest" time="17.91" classname="com.training.sanity.tests.RegLoginPwdrecvTest"/>
</testsuite> <!-- Sample test -->
