<?xml version="1.0" encoding="UTF-8"?>
<!-- Generated by org.testng.reporters.JUnitXMLReporter -->
<testsuite hostname="DESKTOP-D6DTJCU" name="Sample test" tests="3" failures="0" timestamp="23 Jul 2019 07:32:17 GMT" time="92.127" errors="0">
  <testcase name="registrationPassTest" time="11.471" classname="com.training.sanity.tests.SimpleTest"/>
  <testcase name="loginPassTest" time="18.518" classname="com.training.sanity.tests.SimpleTest"/>
  <testcase name="recoverPwdPassTest" time="12.793" classname="com.training.sanity.tests.SimpleTest"/>
</testsuite> <!-- Sample test -->
